<?xml version="1.0" encoding="UTF-8"?>
<testsuite name="I can find a city inside a state" tests="2" skipped="0" failures="0" errors="0" timestamp="2021-03-14T16:26:23" hostname="GERMAND92-DE" time="3.149">
  <properties/>
  <testcase name="As a Test Engineer, I want to validate that a text is present inside the list" classname="I can find a city inside a state" time="2.345"/>
  <testcase name="As a Test Engineer, I want to validate that a text is present inside the list" classname="I can find a city inside a state" time="0.803"/>
  <system-out><![CDATA[The text is on the list: PASSED
The text is on the list: PASSED
]]></system-out>
  <system-err><![CDATA[Starting ChromeDriver 89.0.4389.23 (61b08ee2c50024bab004e48d2b1b083cdbdac579-refs/branch-heads/4389@{#294}) on port 14042
Only local connections are allowed.
Please see https://chromedriver.chromium.org/security-considerations for suggestions on keeping ChromeDriver safe.
ChromeDriver was started successfully.
Mar 14, 2021 5:26:24 PM org.openqa.selenium.remote.ProtocolHandshake createSession
INFO: Detected dialect: W3C
]]></system-err>
</testsuite>
